2005.04.19 15:42 B C:\Documents and Settings\Dinos\My Documents\myweb\papers\Ferentinos-GA_Lighting_Design.pdf --> iris.aua.gr /papers Ferentinos-GA_Lighting_Design.pdf
2005.06.27 15:02 B C:\Documents and Settings\Dinos\My Documents\myweb\papers\CIMSA2005-Ferentinos.pdf --> iris.aua.gr /papers CIMSA2005-Ferentinos.pdf
2005.09.12 14:13 B C:\Documents and Settings\Dinos\My Documents\myweb\papers\Ferentinos-GANN.pdf --> iris.aua.gr /papers Ferentinos-GANN.pdf
2005.10.06 15:22 B C:\Documents and Settings\Dinos\My Documents\myweb\papers\publications.htm --> iris.aua.gr / publications.htm
2005.10.06 15:37 B C:\Documents and Settings\Dinos\My Documents\myweb\papers\Ferentinos-SECON2005.pdf --> iris.aua.gr /papers Ferentinos-SECON2005.pdf
2005.10.21 15:14 B C:\Documents and Settings\Dinos\My Documents\myweb\papers\Ferentinos-ITAFE05.pdf --> iris.aua.gr /papers Ferentinos-ITAFE05.pdf
2005.10.21 15:15 B C:\Documents and Settings\Dinos\My Documents\myweb\papers\Pontikakos-ITAFE05.pdf --> iris.aua.gr /papers Pontikakos-ITAFE05.pdf
2006.03.14 15:56 B C:\Documents and Settings\Dinos\My Documents\myweb\papers\EnvContolBioPaper.pdf --> iris.aua.gr /papers EnvContolBioPaper.pdf
2006.09.19 15:55 B C:\Documents and Settings\Dinos\My Documents\myweb\papers\ASABE-Textbook-Chapter_5_8.pdf --> iris.aua.gr /papers ASABE-Textbook-Chapter_5_8.pdf
2006.09.19 15:55 B C:\Documents and Settings\Dinos\My Documents\myweb\papers\ASABE-Textbook-Chapter_7_2.pdf --> iris.aua.gr /papers ASABE-Textbook-Chapter_7_2.pdf
2006.09.19 15:55 B C:\Documents and Settings\Dinos\My Documents\myweb\papers\ASABE-Textbook-Chapter_8_2.pdf --> iris.aua.gr /papers ASABE-Textbook-Chapter_8_2.pdf
2006.09.19 15:55 B C:\Documents and Settings\Dinos\My Documents\myweb\papers\Ferentinos-CompNet-WSNs-in_press.pdf --> iris.aua.gr /papers Ferentinos-CompNet-WSNs-in_press.pdf
2006.11.01 12:14 B C:\Documents and Settings\Dinos\My Documents\myweb\papers\index.html --> iris.aua.gr /papers index.html
2007.01.08 16:13 B C:\Documents and Settings\Dinos\My Documents\myweb\papers\Ferentinos-CompNet-WSNs.pdf --> iris.aua.gr /papers Ferentinos-CompNet-WSNs.pdf
2007.01.08 16:13 B C:\Documents and Settings\Dinos\My Documents\myweb\papers\index.html --> iris.aua.gr /papers index.html
2007.02.14 12:36 B C:\Documents and Settings\Dinos\My Documents\myweb\papers\index.html --> iris.aua.gr /papers index.html
2007.05.10 16:10 B C:\Documents and Settings\Dinos\My Documents\myweb\papers\index.html --> iris.aua.gr /papers index.html
2007.05.16 14:54 B C:\Documents and Settings\Dinos\My Documents\myweb\papers\index.html --> iris.aua.gr /papers index.html
2007.05.16 14:55 B C:\Documents and Settings\Dinos\My Documents\myweb\papers\index.html --> iris.aua.gr /papers index.html
2007.06.21 17:01 B C:\Documents and Settings\Dinos\My Documents\myweb\papers\index.html --> iris.aua.gr /papers index.html
2007.06.21 17:02 B C:\Documents and Settings\Dinos\My Documents\myweb\papers\Ferentinos-PrecAg-WSNs.pdf --> iris.aua.gr /papers Ferentinos-PrecAg-WSNs.pdf
2007.06.21 17:02 B C:\Documents and Settings\Dinos\My Documents\myweb\papers\Ferentinos_IST2006.pdf --> iris.aua.gr /papers Ferentinos_IST2006.pdf
2007.06.21 17:02 B C:\Documents and Settings\Dinos\My Documents\myweb\papers\Kaloudis-NNs-Taper.pdf --> iris.aua.gr /papers Kaloudis-NNs-Taper.pdf
2007.06.21 17:02 B C:\Documents and Settings\Dinos\My Documents\myweb\papers\Maliappis_WCCA2006.pdf --> iris.aua.gr /papers Maliappis_WCCA2006.pdf
2007.06.21 17:02 B C:\Documents and Settings\Dinos\My Documents\myweb\papers\MobiDE07-Nittel_et_al.pdf --> iris.aua.gr /papers MobiDE07-Nittel_et_al.pdf
2007.06.21 17:02 B C:\Documents and Settings\Dinos\My Documents\myweb\papers\Pontikakos-CFD-HAICTA.pdf --> iris.aua.gr /papers Pontikakos-CFD-HAICTA.pdf
2007.10.12 12:55 B C:\Documents and Settings\Dinos\My Documents\myweb\papers\Ferentinos-MemeticWSN-CEC07.pdf --> iris.aua.gr /papers Ferentinos-MemeticWSN-CEC07.pdf
2007.10.12 12:55 B C:\Documents and Settings\Dinos\My Documents\myweb\papers\index.html --> iris.aua.gr /papers index.html
2008.07.28 19:31 B C:\Documents and Settings\Dinos\My Documents\myweb\papers\index.html --> iris.aua.gr /papers index.html
